Operation from 2: START_READ
Operation from 2: READ
Operation from 2: READ
Operation from 2: END_READ
Operation from 3: START_WRITE
Operation from 3: WRITE
Operation from 3: WRITE
Operation from 3: END_WRITE
Operation from 2: START_READ
Operation from 2: READ
Operation from 2: READ
Operation from 2: END_READ
Operation from 2: START_READ
Operation from 2: READ
Operation from 2: READ
Operation from 2: END_READ
Operation from 3: START_WRITE
Operation from 3: WRITE
Operation from 3: WRITE
Operation from 3: END_WRITE
